<?xml version="1.0" encoding="UTF-8"?>
<!-- Generated by org.testng.reporters.JUnitXMLReporter -->
<testsuite hostname="Chaitra-PC" ignored="2" name="Test" tests="3" failures="1" timestamp="03 Jan 2019 14:16:24 GMT" time="61.621" errors="0">
  <testcase name="testA" time="0.011" classname="script.TC1">
    <failure type="java.lang.AssertionError">
      <![CDATA[java.lang.AssertionError
at org.junit.Assert.fail(Assert.java:86)
at org.junit.Assert.fail(Assert.java:95)
at script.TC1.testA(TC1.java:15)
... Removed 25 stack frames]]>
    </failure>
  </testcase> <!-- testA -->
  <testcase name="testValidLogin" time="6.592" classname="script.ValidLogin"/>
  <testcase name="testInvalidLogin" time="9.842" classname="script.InvalidLogin"/>
  <testcase name="@AfterSuite print" time="0.0" classname="generic.BaseTest">
    <ignored/>
  </testcase> <!-- @AfterSuite print -->
  <testcase name="@AfterSuite print" time="0.0" classname="generic.BaseTest">
    <ignored/>
  </testcase> <!-- @AfterSuite print -->
</testsuite> <!-- Test -->
